SF:lib/tasks/data/local/data_sources/tasks_data_provider.dart
DA:12,1
DA:14,1
DA:16,2
DA:18,0
DA:19,0
DA:20,0
DA:21,0
DA:22,0
DA:24,0
DA:27,0
DA:31,1
DA:33,0
DA:37,0
DA:39,0
DA:40,0
DA:42,0
DA:44,0
DA:45,0
DA:50,0
DA:52,0
DA:53,0
DA:55,0
DA:56,0
DA:61,0
DA:63,0
DA:64,0
DA:66,0
DA:69,0
DA:74,0
DA:77,1
DA:79,2
DA:81,6
DA:82,2
DA:84,2
DA:88,1
DA:90,8
DA:92,2
DA:93,0
DA:95,0
DA:98,0
DA:101,3
DA:102,3
DA:103,2
DA:104,0
DA:106,2
DA:110,0
DA:112,0
DA:113,0
DA:114,0
DA:115,0
DA:116,0
DA:118,0
DA:122,0
DA:123,0
DA:124,0
DA:125,0
DA:126,0
DA:127,0
DA:129,0
LF:59
LH:16
end_of_record
SF:lib/tasks/data/local/model/task_model.dart
DA:9,1
DA:18,1
DA:19,1
DA:20,1
DA:21,1
DA:22,1
DA:23,1
DA:24,2
DA:25,2
DA:30,0
DA:31,0
DA:32,0
DA:33,0
DA:34,0
DA:35,0
DA:36,0
DA:37,0
DA:41,0
DA:43,0
DA:44,0
DA:45,0
LF:21
LH:9
end_of_record
SF:lib/utils/exception_handler.dart
DA:3,1
DA:4,1
DA:6,1
LF:3
LH:3
end_of_record
